[ 2016-11-18T15:54:17+08:00 ] ::1 /my_shop/index.php/admin/
INFO: [ app_init ] --START--
INFO: Run Behavior\BuildLiteBehavior [ RunTime:0.000021s ]
INFO: [ app_init ] --END-- [ RunTime:0.001906s ]
INFO: [ app_begin ] --START--
INFO: Run Behavior\ReadHtmlCacheBehavior [ RunTime:0.001782s ]
INFO: [ app_begin ] --END-- [ RunTime:0.001862s ]
SQL: SHOW COLUMNS FROM `x_goods_cat` [ RunTime:0.0071s ]
SQL: SHOW COLUMNS FROM `x_goods_cat` [ RunTime:0.0038s ]
SQL: SELECT * FROM `x_goods_cat` ORDER BY goodscat_sort  [ RunTime:0.0006s ]
INFO: [ view_parse ] --START--
INFO: [ template_filter ] --START--
INFO: Run Behavior\ContentReplaceBehavior [ RunTime:0.000082s ]
INFO: [ template_filter ] --END-- [ RunTime:0.000157s ]
INFO: Run Behavior\ParseTemplateBehavior [ RunTime:0.022119s ]
INFO: [ view_parse ] --END-- [ RunTime:0.022236s ]
INFO: [ view_filter ] --START--
INFO: Run Behavior\WriteHtmlCacheBehavior [ RunTime:0.001246s ]
INFO: [ view_filter ] --END-- [ RunTime:0.001316s ]
INFO: [ app_end ] --START--
INFO: Run Behavior\ShowPageTraceBehavior [ RunTime:0.001981s ]
INFO: [ app_end ] --END-- [ RunTime:0.002111s ]

[ 2016-11-18T15:54:30+08:00 ] ::1 /my_shop/index.php/admin/
INFO: [ app_init ] --START--
INFO: Run Behavior\BuildLiteBehavior [ RunTime:0.000026s ]
INFO: [ app_init ] --END-- [ RunTime:0.000505s ]
INFO: [ app_begin ] --START--
INFO: Run Behavior\ReadHtmlCacheBehavior [ RunTime:0.000619s ]
INFO: [ app_begin ] --END-- [ RunTime:0.000711s ]
SQL: SHOW COLUMNS FROM `x_goods_cat` [ RunTime:0.0071s ]
SQL: SHOW COLUMNS FROM `x_goods_cat` [ RunTime:0.0023s ]
SQL: SELECT * FROM `x_goods_cat` ORDER BY goodscat_sort  [ RunTime:0.0005s ]
INFO: [ view_parse ] --START--
INFO: [ template_filter ] --START--
INFO: Run Behavior\ContentReplaceBehavior [ RunTime:0.000065s ]
INFO: [ template_filter ] --END-- [ RunTime:0.000131s ]
INFO: Run Behavior\ParseTemplateBehavior [ RunTime:0.016487s ]
INFO: [ view_parse ] --END-- [ RunTime:0.016603s ]
INFO: [ view_filter ] --START--
INFO: Run Behavior\WriteHtmlCacheBehavior [ RunTime:0.000191s ]
INFO: [ view_filter ] --END-- [ RunTime:0.000245s ]
INFO: [ app_end ] --START--
INFO: Run Behavior\ShowPageTraceBehavior [ RunTime:0.000728s ]
INFO: [ app_end ] --END-- [ RunTime:0.000822s ]

[ 2016-11-18T15:55:04+08:00 ] ::1 /my_shop/index.php/admin/
INFO: [ app_init ] --START--
INFO: Run Behavior\BuildLiteBehavior [ RunTime:0.000031s ]
INFO: [ app_init ] --END-- [ RunTime:0.000745s ]
INFO: [ app_begin ] --START--
INFO: Run Behavior\ReadHtmlCacheBehavior [ RunTime:0.000817s ]
INFO: [ app_begin ] --END-- [ RunTime:0.000900s ]
SQL: SHOW COLUMNS FROM `x_goods_cat` [ RunTime:0.0027s ]
SQL: SHOW COLUMNS FROM `x_goods_cat` [ RunTime:0.0031s ]
SQL: SELECT * FROM `x_goods_cat` ORDER BY goodscat_sort  [ RunTime:0.0005s ]
INFO: [ view_parse ] --START--
INFO: [ template_filter ] --START--
INFO: Run Behavior\ContentReplaceBehavior [ RunTime:0.000090s ]
INFO: [ template_filter ] --END-- [ RunTime:0.000155s ]
INFO: Run Behavior\ParseTemplateBehavior [ RunTime:0.015260s ]
INFO: [ view_parse ] --END-- [ RunTime:0.015386s ]
INFO: [ view_filter ] --START--
INFO: Run Behavior\WriteHtmlCacheBehavior [ RunTime:0.000345s ]
INFO: [ view_filter ] --END-- [ RunTime:0.000417s ]
INFO: [ app_end ] --START--
INFO: Run Behavior\ShowPageTraceBehavior [ RunTime:0.001436s ]
INFO: [ app_end ] --END-- [ RunTime:0.001621s ]

[ 2016-11-18T15:55:26+08:00 ] ::1 /my_shop/index.php/admin/
INFO: [ app_init ] --START--
INFO: Run Behavior\BuildLiteBehavior [ RunTime:0.000036s ]
INFO: [ app_init ] --END-- [ RunTime:0.000771s ]
INFO: [ app_begin ] --START--
INFO: Run Behavior\ReadHtmlCacheBehavior [ RunTime:0.000944s ]
INFO: [ app_begin ] --END-- [ RunTime:0.001053s ]
SQL: SHOW COLUMNS FROM `x_goods_cat` [ RunTime:0.0042s ]
SQL: SHOW COLUMNS FROM `x_goods_cat` [ RunTime:0.0042s ]
SQL: SELECT * FROM `x_goods_cat` ORDER BY goodscat_sort  [ RunTime:0.0005s ]
INFO: [ view_parse ] --START--
INFO: [ template_filter ] --START--
INFO: Run Behavior\ContentReplaceBehavior [ RunTime:0.000069s ]
INFO: [ template_filter ] --END-- [ RunTime:0.000137s ]
INFO: Run Behavior\ParseTemplateBehavior [ RunTime:0.018685s ]
INFO: [ view_parse ] --END-- [ RunTime:0.018813s ]
INFO: [ view_filter ] --START--
INFO: Run Behavior\WriteHtmlCacheBehavior [ RunTime:0.000144s ]
INFO: [ view_filter ] --END-- [ RunTime:0.000188s ]
INFO: [ app_end ] --START--
INFO: Run Behavior\ShowPageTraceBehavior [ RunTime:0.002129s ]
INFO: [ app_end ] --END-- [ RunTime:0.002251s ]

[ 2016-11-18T15:55:31+08:00 ] ::1 /my_shop/index.php/Admin/Index/updateGoodsCat/id/18
INFO: [ app_init ] --START--
INFO: Run Behavior\BuildLiteBehavior [ RunTime:0.000017s ]
INFO: [ app_init ] --END-- [ RunTime:0.000630s ]
INFO: [ app_begin ] --START--
INFO: Run Behavior\ReadHtmlCacheBehavior [ RunTime:0.000780s ]
INFO: [ app_begin ] --END-- [ RunTime:0.000888s ]
SQL: SHOW COLUMNS FROM `x_goods_cat` [ RunTime:0.0106s ]
SQL: SELECT * FROM `x_goods_cat` WHERE `goodscat_id` = 18 LIMIT 1   [ RunTime:0.0038s ]
SQL: SHOW COLUMNS FROM `x_goods_cat` [ RunTime:0.0057s ]
SQL: SELECT * FROM `x_goods_cat` WHERE `goodscat_pid` = 18 LIMIT 1   [ RunTime:0.0006s ]
SQL: SELECT * FROM `x_goods_cat` ORDER BY goodscat_sort  [ RunTime:0.0008s ]
INFO: [ view_parse ] --START--
INFO: [ template_filter ] --START--
INFO: Run Behavior\ContentReplaceBehavior [ RunTime:0.000045s ]
INFO: [ template_filter ] --END-- [ RunTime:0.000108s ]
INFO: Run Behavior\ParseTemplateBehavior [ RunTime:0.017016s ]
INFO: [ view_parse ] --END-- [ RunTime:0.017144s ]
INFO: [ view_filter ] --START--
INFO: Run Behavior\WriteHtmlCacheBehavior [ RunTime:0.000201s ]
INFO: [ view_filter ] --END-- [ RunTime:0.000258s ]
INFO: [ app_end ] --START--
INFO: Run Behavior\ShowPageTraceBehavior [ RunTime:0.000589s ]
INFO: [ app_end ] --END-- [ RunTime:0.000673s ]

[ 2016-11-18T15:55:33+08:00 ] ::1 /my_shop/index.php/admin/
INFO: [ app_init ] --START--
INFO: Run Behavior\BuildLiteBehavior [ RunTime:0.000030s ]
INFO: [ app_init ] --END-- [ RunTime:0.001095s ]
INFO: [ app_begin ] --START--
INFO: Run Behavior\ReadHtmlCacheBehavior [ RunTime:0.001083s ]
INFO: [ app_begin ] --END-- [ RunTime:0.001192s ]
SQL: SHOW COLUMNS FROM `x_goods_cat` [ RunTime:0.0037s ]
SQL: SHOW COLUMNS FROM `x_goods_cat` [ RunTime:0.0023s ]
SQL: SELECT * FROM `x_goods_cat` ORDER BY goodscat_sort  [ RunTime:0.0005s ]
INFO: [ view_parse ] --START--
INFO: [ template_filter ] --START--
INFO: Run Behavior\ContentReplaceBehavior [ RunTime:0.000046s ]
INFO: [ template_filter ] --END-- [ RunTime:0.000111s ]
INFO: Run Behavior\ParseTemplateBehavior [ RunTime:0.011936s ]
INFO: [ view_parse ] --END-- [ RunTime:0.012049s ]
INFO: [ view_filter ] --START--
INFO: Run Behavior\WriteHtmlCacheBehavior [ RunTime:0.000228s ]
INFO: [ view_filter ] --END-- [ RunTime:0.000298s ]
INFO: [ app_end ] --START--
INFO: Run Behavior\ShowPageTraceBehavior [ RunTime:0.000938s ]
INFO: [ app_end ] --END-- [ RunTime:0.001061s ]

[ 2016-11-18T15:55:40+08:00 ] ::1 /my_shop/index.php/admin/
INFO: [ app_init ] --START--
INFO: Run Behavior\BuildLiteBehavior [ RunTime:0.000052s ]
INFO: [ app_init ] --END-- [ RunTime:0.000737s ]
INFO: [ app_begin ] --START--
INFO: Run Behavior\ReadHtmlCacheBehavior [ RunTime:0.001596s ]
INFO: [ app_begin ] --END-- [ RunTime:0.002182s ]
SQL: SHOW COLUMNS FROM `x_goods_cat` [ RunTime:0.0042s ]
SQL: SHOW COLUMNS FROM `x_goods_cat` [ RunTime:0.0041s ]
SQL: SELECT * FROM `x_goods_cat` ORDER BY goodscat_sort  [ RunTime:0.0005s ]
INFO: [ view_parse ] --START--
INFO: [ template_filter ] --START--
INFO: Run Behavior\ContentReplaceBehavior [ RunTime:0.000043s ]
INFO: [ template_filter ] --END-- [ RunTime:0.000101s ]
INFO: Run Behavior\ParseTemplateBehavior [ RunTime:0.010082s ]
INFO: [ view_parse ] --END-- [ RunTime:0.010195s ]
INFO: [ view_filter ] --START--
INFO: Run Behavior\WriteHtmlCacheBehavior [ RunTime:0.000302s ]
INFO: [ view_filter ] --END-- [ RunTime:0.000352s ]
INFO: [ app_end ] --START--
INFO: Run Behavior\ShowPageTraceBehavior [ RunTime:0.000783s ]
INFO: [ app_end ] --END-- [ RunTime:0.000862s ]

[ 2016-11-18T15:56:01+08:00 ] ::1 /my_shop/index.php/admin/
INFO: [ app_init ] --START--
INFO: Run Behavior\BuildLiteBehavior [ RunTime:0.000022s ]
INFO: [ app_init ] --END-- [ RunTime:0.002339s ]
INFO: [ app_begin ] --START--
INFO: Run Behavior\ReadHtmlCacheBehavior [ RunTime:0.001788s ]
INFO: [ app_begin ] --END-- [ RunTime:0.001923s ]
SQL: SHOW COLUMNS FROM `x_goods_cat` [ RunTime:0.0039s ]
SQL: SHOW COLUMNS FROM `x_goods_cat` [ RunTime:0.0046s ]
SQL: SELECT * FROM `x_goods_cat` ORDER BY goodscat_sort  [ RunTime:0.0005s ]
INFO: [ view_parse ] --START--
INFO: [ template_filter ] --START--
INFO: Run Behavior\ContentReplaceBehavior [ RunTime:0.000079s ]
INFO: [ template_filter ] --END-- [ RunTime:0.000155s ]
INFO: Run Behavior\ParseTemplateBehavior [ RunTime:0.022603s ]
INFO: [ view_parse ] --END-- [ RunTime:0.022778s ]
INFO: [ view_filter ] --START--
INFO: Run Behavior\WriteHtmlCacheBehavior [ RunTime:0.000340s ]
INFO: [ view_filter ] --END-- [ RunTime:0.000394s ]
INFO: [ app_end ] --START--
INFO: Run Behavior\ShowPageTraceBehavior [ RunTime:0.001007s ]
INFO: [ app_end ] --END-- [ RunTime:0.001087s ]

[ 2016-11-18T15:56:10+08:00 ] ::1 /my_shop/index.php/admin/
INFO: [ app_init ] --START--
INFO: Run Behavior\BuildLiteBehavior [ RunTime:0.000014s ]
INFO: [ app_init ] --END-- [ RunTime:0.000313s ]
INFO: [ app_begin ] --START--
INFO: Run Behavior\ReadHtmlCacheBehavior [ RunTime:0.000498s ]
INFO: [ app_begin ] --END-- [ RunTime:0.000596s ]
SQL: SHOW COLUMNS FROM `x_goods_cat` [ RunTime:0.0047s ]
SQL: SHOW COLUMNS FROM `x_goods_cat` [ RunTime:0.0045s ]
SQL: SELECT * FROM `x_goods_cat` ORDER BY goodscat_sort  [ RunTime:0.0005s ]
INFO: [ view_parse ] --START--
INFO: [ template_filter ] --START--
INFO: Run Behavior\ContentReplaceBehavior [ RunTime:0.000075s ]
INFO: [ template_filter ] --END-- [ RunTime:0.000137s ]
INFO: Run Behavior\ParseTemplateBehavior [ RunTime:0.013394s ]
INFO: [ view_parse ] --END-- [ RunTime:0.013480s ]
INFO: [ view_filter ] --START--
INFO: Run Behavior\WriteHtmlCacheBehavior [ RunTime:0.000143s ]
INFO: [ view_filter ] --END-- [ RunTime:0.000184s ]
INFO: [ app_end ] --START--
INFO: Run Behavior\ShowPageTraceBehavior [ RunTime:0.000751s ]
INFO: [ app_end ] --END-- [ RunTime:0.000826s ]

[ 2016-11-18T15:58:27+08:00 ] ::1 /my_shop/index.php/admin/
INFO: [ app_init ] --START--
INFO: Run Behavior\BuildLiteBehavior [ RunTime:0.000032s ]
INFO: [ app_init ] --END-- [ RunTime:0.000624s ]
INFO: [ app_begin ] --START--
INFO: Run Behavior\ReadHtmlCacheBehavior [ RunTime:0.001091s ]
INFO: [ app_begin ] --END-- [ RunTime:0.001218s ]
SQL: SHOW COLUMNS FROM `x_goods_cat` [ RunTime:0.0042s ]
SQL: SHOW COLUMNS FROM `x_goods_cat` [ RunTime:0.0036s ]
SQL: SELECT * FROM `x_goods_cat` ORDER BY goodscat_sort  [ RunTime:0.0006s ]
INFO: [ view_parse ] --START--
INFO: [ template_filter ] --START--
INFO: Run Behavior\ContentReplaceBehavior [ RunTime:0.000041s ]
INFO: [ template_filter ] --END-- [ RunTime:0.000093s ]
INFO: Run Behavior\ParseTemplateBehavior [ RunTime:0.012913s ]
INFO: [ view_parse ] --END-- [ RunTime:0.012990s ]
INFO: [ view_filter ] --START--
INFO: Run Behavior\WriteHtmlCacheBehavior [ RunTime:0.000145s ]
INFO: [ view_filter ] --END-- [ RunTime:0.000188s ]
INFO: [ app_end ] --START--
INFO: Run Behavior\ShowPageTraceBehavior [ RunTime:0.000632s ]
INFO: [ app_end ] --END-- [ RunTime:0.000696s ]

[ 2016-11-18T15:58:30+08:00 ] ::1 /my_shop/index.php/Admin/Goods
INFO: [ app_init ] --START--
INFO: Run Behavior\BuildLiteBehavior [ RunTime:0.000012s ]
INFO: [ app_init ] --END-- [ RunTime:0.000326s ]
INFO: [ app_begin ] --START--
INFO: Run Behavior\ReadHtmlCacheBehavior [ RunTime:0.000366s ]
INFO: [ app_begin ] --END-- [ RunTime:0.000410s ]
NOTIC: [8] Use of undefined constant Goods - assumed 'Goods' /Users/bowuting/Documents/www/my_shop/Application/Admin/Controller/GoodsController.class.php 第 19 行.
SQL: SHOW COLUMNS FROM `x_goods` [ RunTime:0.0047s ]
SQL: SHOW COLUMNS FROM `x_goods` [ RunTime:0.0053s ]
SQL: SELECT * FROM `x_goods`  [ RunTime:0.0006s ]
INFO: [ view_parse ] --START--
INFO: [ template_filter ] --START--
INFO: Run Behavior\ContentReplaceBehavior [ RunTime:0.000113s ]
INFO: [ template_filter ] --END-- [ RunTime:0.000227s ]
NOTIC: [8] Undefined index: goodscat_id /Users/bowuting/Documents/www/my_shop/Application/Runtime/Cache/Admin/7460c3bd08e8aaf3e719467d6ea19bd3.php 第 86 行.
NOTIC: [8] Undefined index: goodscat_id /Users/bowuting/Documents/www/my_shop/Application/Runtime/Cache/Admin/7460c3bd08e8aaf3e719467d6ea19bd3.php 第 86 行.
NOTIC: [8] Undefined index: goodscat_id /Users/bowuting/Documents/www/my_shop/Application/Runtime/Cache/Admin/7460c3bd08e8aaf3e719467d6ea19bd3.php 第 86 行.
NOTIC: [8] Undefined index: goodscat_id /Users/bowuting/Documents/www/my_shop/Application/Runtime/Cache/Admin/7460c3bd08e8aaf3e719467d6ea19bd3.php 第 86 行.
NOTIC: [8] Undefined index: goodscat_id /Users/bowuting/Documents/www/my_shop/Application/Runtime/Cache/Admin/7460c3bd08e8aaf3e719467d6ea19bd3.php 第 86 行.
INFO: Run Behavior\ParseTemplateBehavior [ RunTime:0.011760s ]
INFO: [ view_parse ] --END-- [ RunTime:0.011810s ]
INFO: [ view_filter ] --START--
INFO: Run Behavior\WriteHtmlCacheBehavior [ RunTime:0.000143s ]
INFO: [ view_filter ] --END-- [ RunTime:0.000182s ]
INFO: [ app_end ] --START--
INFO: Run Behavior\ShowPageTraceBehavior [ RunTime:0.000625s ]
INFO: [ app_end ] --END-- [ RunTime:0.000719s ]

[ 2016-11-18T15:58:35+08:00 ] ::1 /my_shop/index.php/Admin/Goods/updateGoods?id=1
INFO: [ app_init ] --START--
INFO: Run Behavior\BuildLiteBehavior [ RunTime:0.000027s ]
INFO: [ app_init ] --END-- [ RunTime:0.000848s ]
INFO: [ app_begin ] --START--
INFO: Run Behavior\ReadHtmlCacheBehavior [ RunTime:0.000981s ]
INFO: [ app_begin ] --END-- [ RunTime:0.001099s ]
SQL: SHOW COLUMNS FROM `x_goods_cat` [ RunTime:0.0081s ]
SQL: SHOW COLUMNS FROM `x_goods_cat` [ RunTime:0.0124s ]
SQL: SELECT * FROM `x_goods_cat` ORDER BY goodscat_sort  [ RunTime:0.0006s ]
SQL: SHOW COLUMNS FROM `x_goods` [ RunTime:0.0071s ]
SQL: SHOW COLUMNS FROM `x_goods` [ RunTime:0.0070s ]
SQL: SELECT * FROM `x_goods` WHERE `goods_id` = 1 LIMIT 1   [ RunTime:0.0013s ]
INFO: [ view_parse ] --START--
INFO: [ template_filter ] --START--
INFO: Run Behavior\ContentReplaceBehavior [ RunTime:0.000055s ]
INFO: [ template_filter ] --END-- [ RunTime:0.000175s ]
INFO: Run Behavior\ParseTemplateBehavior [ RunTime:0.037147s ]
INFO: [ view_parse ] --END-- [ RunTime:0.037508s ]
INFO: [ view_filter ] --START--
INFO: Run Behavior\WriteHtmlCacheBehavior [ RunTime:0.000365s ]
INFO: [ view_filter ] --END-- [ RunTime:0.000530s ]
NOTIC: [2] Cannot modify header information - headers already sent by (output started at /Users/bowuting/Documents/www/my_shop/ThinkPHP/Common/functions.php:850) /Users/bowuting/Documents/www/my_shop/ThinkPHP/Library/Think/View.class.php 第 91 行.
NOTIC: [2] Cannot modify header information - headers already sent by (output started at /Users/bowuting/Documents/www/my_shop/ThinkPHP/Common/functions.php:850) /Users/bowuting/Documents/www/my_shop/ThinkPHP/Library/Think/View.class.php 第 92 行.
NOTIC: [2] Cannot modify header information - headers already sent by (output started at /Users/bowuting/Documents/www/my_shop/ThinkPHP/Common/functions.php:850) /Users/bowuting/Documents/www/my_shop/ThinkPHP/Library/Think/View.class.php 第 93 行.
INFO: [ app_end ] --START--
INFO: Run Behavior\ShowPageTraceBehavior [ RunTime:0.000991s ]
INFO: [ app_end ] --END-- [ RunTime:0.001101s ]

[ 2016-11-18T15:59:18+08:00 ] ::1 /my_shop/index.php/Admin/Goods
INFO: [ app_init ] --START--
INFO: Run Behavior\BuildLiteBehavior [ RunTime:0.000028s ]
INFO: [ app_init ] --END-- [ RunTime:0.001828s ]
INFO: [ app_begin ] --START--
INFO: Run Behavior\ReadHtmlCacheBehavior [ RunTime:0.001822s ]
INFO: [ app_begin ] --END-- [ RunTime:0.001916s ]
NOTIC: [8] Use of undefined constant Goods - assumed 'Goods' /Users/bowuting/Documents/www/my_shop/Application/Admin/Controller/GoodsController.class.php 第 19 行.
SQL: SHOW COLUMNS FROM `x_goods` [ RunTime:0.0049s ]
SQL: SHOW COLUMNS FROM `x_goods` [ RunTime:0.0053s ]
SQL: SELECT * FROM `x_goods`  [ RunTime:0.0006s ]
INFO: [ view_parse ] --START--
INFO: [ template_filter ] --START--
INFO: Run Behavior\ContentReplaceBehavior [ RunTime:0.000086s ]
INFO: [ template_filter ] --END-- [ RunTime:0.000151s ]
NOTIC: [8] Undefined index: goodscat_id /Users/bowuting/Documents/www/my_shop/Application/Runtime/Cache/Admin/7460c3bd08e8aaf3e719467d6ea19bd3.php 第 86 行.
NOTIC: [8] Undefined index: goodscat_id /Users/bowuting/Documents/www/my_shop/Application/Runtime/Cache/Admin/7460c3bd08e8aaf3e719467d6ea19bd3.php 第 86 行.
NOTIC: [8] Undefined index: goodscat_id /Users/bowuting/Documents/www/my_shop/Application/Runtime/Cache/Admin/7460c3bd08e8aaf3e719467d6ea19bd3.php 第 86 行.
NOTIC: [8] Undefined index: goodscat_id /Users/bowuting/Documents/www/my_shop/Application/Runtime/Cache/Admin/7460c3bd08e8aaf3e719467d6ea19bd3.php 第 86 行.
NOTIC: [8] Undefined index: goodscat_id /Users/bowuting/Documents/www/my_shop/Application/Runtime/Cache/Admin/7460c3bd08e8aaf3e719467d6ea19bd3.php 第 86 行.
INFO: Run Behavior\ParseTemplateBehavior [ RunTime:0.015261s ]
INFO: [ view_parse ] --END-- [ RunTime:0.015342s ]
INFO: [ view_filter ] --START--
INFO: Run Behavior\WriteHtmlCacheBehavior [ RunTime:0.000542s ]
INFO: [ view_filter ] --END-- [ RunTime:0.000605s ]
INFO: [ app_end ] --START--
INFO: Run Behavior\ShowPageTraceBehavior [ RunTime:0.001891s ]
INFO: [ app_end ] --END-- [ RunTime:0.002007s ]

[ 2016-11-18T15:59:20+08:00 ] ::1 /my_shop/index.php/Admin/Goods/updateGoods?id=1
INFO: [ app_init ] --START--
INFO: Run Behavior\BuildLiteBehavior [ RunTime:0.000029s ]
INFO: [ app_init ] --END-- [ RunTime:0.000529s ]
INFO: [ app_begin ] --START--
INFO: Run Behavior\ReadHtmlCacheBehavior [ RunTime:0.000951s ]
INFO: [ app_begin ] --END-- [ RunTime:0.002245s ]
SQL: SHOW COLUMNS FROM `x_goods_cat` [ RunTime:0.0068s ]
SQL: SHOW COLUMNS FROM `x_goods_cat` [ RunTime:0.0081s ]
SQL: SELECT * FROM `x_goods_cat` ORDER BY goodscat_sort  [ RunTime:0.0019s ]
SQL: SHOW COLUMNS FROM `x_goods` [ RunTime:0.0041s ]
SQL: SHOW COLUMNS FROM `x_goods` [ RunTime:0.0037s ]
SQL: SELECT * FROM `x_goods` WHERE `goods_id` = 1 LIMIT 1   [ RunTime:0.0009s ]
INFO: [ view_parse ] --START--
INFO: [ template_filter ] --START--
INFO: Run Behavior\ContentReplaceBehavior [ RunTime:0.000038s ]
INFO: [ template_filter ] --END-- [ RunTime:0.000154s ]
INFO: Run Behavior\ParseTemplateBehavior [ RunTime:0.014021s ]
INFO: [ view_parse ] --END-- [ RunTime:0.014130s ]
INFO: [ view_filter ] --START--
INFO: Run Behavior\WriteHtmlCacheBehavior [ RunTime:0.000257s ]
INFO: [ view_filter ] --END-- [ RunTime:0.000333s ]
NOTIC: [2] Cannot modify header information - headers already sent by (output started at /Users/bowuting/Documents/www/my_shop/ThinkPHP/Common/functions.php:850) /Users/bowuting/Documents/www/my_shop/ThinkPHP/Library/Think/View.class.php 第 91 行.
NOTIC: [2] Cannot modify header information - headers already sent by (output started at /Users/bowuting/Documents/www/my_shop/ThinkPHP/Common/functions.php:850) /Users/bowuting/Documents/www/my_shop/ThinkPHP/Library/Think/View.class.php 第 92 行.
NOTIC: [2] Cannot modify header information - headers already sent by (output started at /Users/bowuting/Documents/www/my_shop/ThinkPHP/Common/functions.php:850) /Users/bowuting/Documents/www/my_shop/ThinkPHP/Library/Think/View.class.php 第 93 行.
INFO: [ app_end ] --START--
INFO: Run Behavior\ShowPageTraceBehavior [ RunTime:0.000949s ]
INFO: [ app_end ] --END-- [ RunTime:0.001041s ]

[ 2016-11-18T16:00:16+08:00 ] ::1 /my_shop/index.php/Admin/Goods
INFO: [ app_init ] --START--
INFO: Run Behavior\BuildLiteBehavior [ RunTime:0.000036s ]
INFO: [ app_init ] --END-- [ RunTime:0.002159s ]
INFO: [ app_begin ] --START--
INFO: Run Behavior\ReadHtmlCacheBehavior [ RunTime:0.002422s ]
INFO: [ app_begin ] --END-- [ RunTime:0.002592s ]
NOTIC: [8] Use of undefined constant Goods - assumed 'Goods' /Users/bowuting/Documents/www/my_shop/Application/Admin/Controller/GoodsController.class.php 第 19 行.
SQL: SHOW COLUMNS FROM `x_goods` [ RunTime:0.0037s ]
SQL: SHOW COLUMNS FROM `x_goods` [ RunTime:0.0048s ]
SQL: SELECT * FROM `x_goods`  [ RunTime:0.0007s ]
INFO: [ view_parse ] --START--
INFO: [ template_filter ] --START--
INFO: Run Behavior\ContentReplaceBehavior [ RunTime:0.000120s ]
INFO: [ template_filter ] --END-- [ RunTime:0.000298s ]
NOTIC: [8] Undefined index: goodscat_id /Users/bowuting/Documents/www/my_shop/Application/Runtime/Cache/Admin/7460c3bd08e8aaf3e719467d6ea19bd3.php 第 86 行.
NOTIC: [8] Undefined index: goodscat_id /Users/bowuting/Documents/www/my_shop/Application/Runtime/Cache/Admin/7460c3bd08e8aaf3e719467d6ea19bd3.php 第 86 行.
NOTIC: [8] Undefined index: goodscat_id /Users/bowuting/Documents/www/my_shop/Application/Runtime/Cache/Admin/7460c3bd08e8aaf3e719467d6ea19bd3.php 第 86 行.
NOTIC: [8] Undefined index: goodscat_id /Users/bowuting/Documents/www/my_shop/Application/Runtime/Cache/Admin/7460c3bd08e8aaf3e719467d6ea19bd3.php 第 86 行.
NOTIC: [8] Undefined index: goodscat_id /Users/bowuting/Documents/www/my_shop/Application/Runtime/Cache/Admin/7460c3bd08e8aaf3e719467d6ea19bd3.php 第 86 行.
INFO: Run Behavior\ParseTemplateBehavior [ RunTime:0.020204s ]
INFO: [ view_parse ] --END-- [ RunTime:0.020292s ]
INFO: [ view_filter ] --START--
INFO: Run Behavior\WriteHtmlCacheBehavior [ RunTime:0.001445s ]
INFO: [ view_filter ] --END-- [ RunTime:0.001511s ]
INFO: [ app_end ] --START--
INFO: Run Behavior\ShowPageTraceBehavior [ RunTime:0.002310s ]
INFO: [ app_end ] --END-- [ RunTime:0.002469s ]

[ 2016-11-18T16:00:18+08:00 ] ::1 /my_shop/index.php/Admin/Goods/updateGoods?id=1
INFO: [ app_init ] --START--
INFO: Run Behavior\BuildLiteBehavior [ RunTime:0.000025s ]
INFO: [ app_init ] --END-- [ RunTime:0.000530s ]
INFO: [ app_begin ] --START--
INFO: Run Behavior\ReadHtmlCacheBehavior [ RunTime:0.000728s ]
INFO: [ app_begin ] --END-- [ RunTime:0.000842s ]
SQL: SHOW COLUMNS FROM `x_goods_cat` [ RunTime:0.0079s ]
SQL: SHOW COLUMNS FROM `x_goods_cat` [ RunTime:0.0097s ]
SQL: SELECT * FROM `x_goods_cat` ORDER BY goodscat_sort  [ RunTime:0.0009s ]
SQL: SHOW COLUMNS FROM `x_goods` [ RunTime:0.0068s ]
SQL: SHOW COLUMNS FROM `x_goods` [ RunTime:0.0044s ]
SQL: SELECT * FROM `x_goods` WHERE `goods_id` = 1 LIMIT 1   [ RunTime:0.0007s ]
INFO: [ view_parse ] --START--
INFO: [ template_filter ] --START--
INFO: Run Behavior\ContentReplaceBehavior [ RunTime:0.000037s ]
INFO: [ template_filter ] --END-- [ RunTime:0.000108s ]
INFO: Run Behavior\ParseTemplateBehavior [ RunTime:0.017857s ]
INFO: [ view_parse ] --END-- [ RunTime:0.017944s ]
INFO: [ view_filter ] --START--
INFO: Run Behavior\WriteHtmlCacheBehavior [ RunTime:0.000153s ]
INFO: [ view_filter ] --END-- [ RunTime:0.000196s ]
NOTIC: [2] Cannot modify header information - headers already sent by (output started at /Users/bowuting/Documents/www/my_shop/ThinkPHP/Common/functions.php:850) /Users/bowuting/Documents/www/my_shop/ThinkPHP/Library/Think/View.class.php 第 91 行.
NOTIC: [2] Cannot modify header information - headers already sent by (output started at /Users/bowuting/Documents/www/my_shop/ThinkPHP/Common/functions.php:850) /Users/bowuting/Documents/www/my_shop/ThinkPHP/Library/Think/View.class.php 第 92 行.
NOTIC: [2] Cannot modify header information - headers already sent by (output started at /Users/bowuting/Documents/www/my_shop/ThinkPHP/Common/functions.php:850) /Users/bowuting/Documents/www/my_shop/ThinkPHP/Library/Think/View.class.php 第 93 行.
INFO: [ app_end ] --START--
INFO: Run Behavior\ShowPageTraceBehavior [ RunTime:0.000442s ]
INFO: [ app_end ] --END-- [ RunTime:0.000487s ]

[ 2016-11-18T16:00:58+08:00 ] ::1 /my_shop/index.php/Admin/Goods
INFO: [ app_init ] --START--
INFO: Run Behavior\BuildLiteBehavior [ RunTime:0.000035s ]
INFO: [ app_init ] --END-- [ RunTime:0.002010s ]
INFO: [ app_begin ] --START--
INFO: Run Behavior\ReadHtmlCacheBehavior [ RunTime:0.001820s ]
INFO: [ app_begin ] --END-- [ RunTime:0.001920s ]
NOTIC: [8] Use of undefined constant Goods - assumed 'Goods' /Users/bowuting/Documents/www/my_shop/Application/Admin/Controller/GoodsController.class.php 第 19 行.
SQL: SHOW COLUMNS FROM `x_goods` [ RunTime:0.0035s ]
SQL: SHOW COLUMNS FROM `x_goods` [ RunTime:0.0062s ]
SQL: SELECT * FROM `x_goods`  [ RunTime:0.0012s ]
INFO: [ view_parse ] --START--
INFO: [ template_filter ] --START--
INFO: Run Behavior\ContentReplaceBehavior [ RunTime:0.000092s ]
INFO: [ template_filter ] --END-- [ RunTime:0.000169s ]
NOTIC: [8] Undefined index: goodscat_id /Users/bowuting/Documents/www/my_shop/Application/Runtime/Cache/Admin/7460c3bd08e8aaf3e719467d6ea19bd3.php 第 86 行.
NOTIC: [8] Undefined index: goodscat_id /Users/bowuting/Documents/www/my_shop/Application/Runtime/Cache/Admin/7460c3bd08e8aaf3e719467d6ea19bd3.php 第 86 行.
NOTIC: [8] Undefined index: goodscat_id /Users/bowuting/Documents/www/my_shop/Application/Runtime/Cache/Admin/7460c3bd08e8aaf3e719467d6ea19bd3.php 第 86 行.
NOTIC: [8] Undefined index: goodscat_id /Users/bowuting/Documents/www/my_shop/Application/Runtime/Cache/Admin/7460c3bd08e8aaf3e719467d6ea19bd3.php 第 86 行.
NOTIC: [8] Undefined index: goodscat_id /Users/bowuting/Documents/www/my_shop/Application/Runtime/Cache/Admin/7460c3bd08e8aaf3e719467d6ea19bd3.php 第 86 行.
INFO: Run Behavior\ParseTemplateBehavior [ RunTime:0.020021s ]
INFO: [ view_parse ] --END-- [ RunTime:0.020149s ]
INFO: [ view_filter ] --START--
INFO: Run Behavior\WriteHtmlCacheBehavior [ RunTime:0.001191s ]
INFO: [ view_filter ] --END-- [ RunTime:0.001280s ]
INFO: [ app_end ] --START--
INFO: Run Behavior\ShowPageTraceBehavior [ RunTime:0.001814s ]
INFO: [ app_end ] --END-- [ RunTime:0.001913s ]

