[ 2016-11-16T23:54:47+08:00 ] ::1 /github/my_shop/home
INFO: [ app_init ] --START--
INFO: Run Behavior\BuildLiteBehavior [ RunTime:0.000047s ]
INFO: [ app_init ] --END-- [ RunTime:0.000750s ]
INFO: [ app_begin ] --START--
INFO: Run Behavior\ReadHtmlCacheBehavior [ RunTime:0.000754s ]
INFO: [ app_begin ] --END-- [ RunTime:0.000929s ]
INFO: [ view_parse ] --START--
INFO: [ template_filter ] --START--
INFO: Run Behavior\ContentReplaceBehavior [ RunTime:0.000100s ]
INFO: [ template_filter ] --END-- [ RunTime:0.000255s ]
INFO: Run Behavior\ParseTemplateBehavior [ RunTime:0.115955s ]
INFO: [ view_parse ] --END-- [ RunTime:0.116136s ]
INFO: [ view_filter ] --START--
INFO: Run Behavior\WriteHtmlCacheBehavior [ RunTime:0.010367s ]
INFO: [ view_filter ] --END-- [ RunTime:0.010528s ]
INFO: [ app_end ] --START--
INFO: Run Behavior\ShowPageTraceBehavior [ RunTime:0.007899s ]
INFO: [ app_end ] --END-- [ RunTime:0.008119s ]

[ 2016-11-16T23:55:10+08:00 ] ::1 /github/my_shop/index.php
INFO: [ app_init ] --START--
INFO: Run Behavior\BuildLiteBehavior [ RunTime:0.000042s ]
INFO: [ app_init ] --END-- [ RunTime:0.000668s ]
INFO: [ app_begin ] --START--
INFO: Run Behavior\ReadHtmlCacheBehavior [ RunTime:0.000791s ]
INFO: [ app_begin ] --END-- [ RunTime:0.000972s ]
INFO: [ view_parse ] --START--
INFO: [ template_filter ] --START--
INFO: Run Behavior\ContentReplaceBehavior [ RunTime:0.000091s ]
INFO: [ template_filter ] --END-- [ RunTime:0.000272s ]
INFO: Run Behavior\ParseTemplateBehavior [ RunTime:0.010800s ]
INFO: [ view_parse ] --END-- [ RunTime:0.011014s ]
INFO: [ view_filter ] --START--
INFO: Run Behavior\WriteHtmlCacheBehavior [ RunTime:0.000547s ]
INFO: [ view_filter ] --END-- [ RunTime:0.000717s ]
INFO: [ app_end ] --START--
INFO: Run Behavior\ShowPageTraceBehavior [ RunTime:0.000774s ]
INFO: [ app_end ] --END-- [ RunTime:0.000949s ]

[ 2016-11-16T23:55:27+08:00 ] ::1 /github/my_shop/home/
INFO: [ app_init ] --START--
INFO: Run Behavior\BuildLiteBehavior [ RunTime:0.000034s ]
INFO: [ app_init ] --END-- [ RunTime:0.000495s ]
INFO: [ app_begin ] --START--
INFO: Run Behavior\ReadHtmlCacheBehavior [ RunTime:0.000626s ]
INFO: [ app_begin ] --END-- [ RunTime:0.000800s ]
INFO: [ view_parse ] --START--
INFO: [ template_filter ] --START--
INFO: Run Behavior\ContentReplaceBehavior [ RunTime:0.000080s ]
INFO: [ template_filter ] --END-- [ RunTime:0.000248s ]
INFO: Run Behavior\ParseTemplateBehavior [ RunTime:0.009698s ]
INFO: [ view_parse ] --END-- [ RunTime:0.009957s ]
INFO: [ view_filter ] --START--
INFO: Run Behavior\WriteHtmlCacheBehavior [ RunTime:0.000533s ]
INFO: [ view_filter ] --END-- [ RunTime:0.000774s ]
INFO: [ app_end ] --START--
INFO: Run Behavior\ShowPageTraceBehavior [ RunTime:0.001063s ]
INFO: [ app_end ] --END-- [ RunTime:0.001305s ]

[ 2016-11-16T23:55:43+08:00 ] ::1 /github/my_shop/index.php/Home/Index/gallery
INFO: [ app_init ] --START--
INFO: Run Behavior\BuildLiteBehavior [ RunTime:0.000032s ]
INFO: [ app_init ] --END-- [ RunTime:0.000509s ]
INFO: [ app_begin ] --START--
INFO: Run Behavior\ReadHtmlCacheBehavior [ RunTime:0.000707s ]
INFO: [ app_begin ] --END-- [ RunTime:0.000887s ]
NOTIC: [8] Use of undefined constant GoodsCat - assumed 'GoodsCat' D:\wamp64\www\github\my_shop\Application\Home\Controller\IndexController.class.php 第 17 行.
SQL: SHOW COLUMNS FROM `x_goods_cat` [ RunTime:0.0015s ]
ERR: Think\Model:getInfiniteGoodsCat方法不存在！

[ 2016-11-16T23:56:13+08:00 ] ::1 /github/my_shop/index.php/Home/Index/gallery?keyword=
INFO: [ app_init ] --START--
INFO: Run Behavior\BuildLiteBehavior [ RunTime:0.000056s ]
INFO: [ app_init ] --END-- [ RunTime:0.000708s ]
INFO: [ app_begin ] --START--
INFO: Run Behavior\ReadHtmlCacheBehavior [ RunTime:0.001190s ]
INFO: [ app_begin ] --END-- [ RunTime:0.001456s ]
NOTIC: [8] Use of undefined constant GoodsCat - assumed 'GoodsCat' D:\wamp64\www\github\my_shop\Application\Home\Controller\IndexController.class.php 第 17 行.
SQL: SHOW COLUMNS FROM `x_goods_cat` [ RunTime:0.0026s ]
ERR: Think\Model:getInfiniteGoodsCat方法不存在！

[ 2016-11-16T23:57:11+08:00 ] ::1 /github/my_shop/index.php/Home/Index/gallery?keyword=
INFO: [ app_init ] --START--
INFO: Run Behavior\BuildLiteBehavior [ RunTime:0.000061s ]
INFO: [ app_init ] --END-- [ RunTime:0.001357s ]
INFO: [ app_begin ] --START--
INFO: Run Behavior\ReadHtmlCacheBehavior [ RunTime:0.000955s ]
INFO: [ app_begin ] --END-- [ RunTime:0.001173s ]
NOTIC: [8] Use of undefined constant GoodsCat - assumed 'GoodsCat' D:\wamp64\www\github\my_shop\Application\Home\Controller\IndexController.class.php 第 17 行.
SQL: SHOW COLUMNS FROM `x_goods_cat` [ RunTime:0.0021s ]
ERR: Think\Model:getInfiniteGoodsCat方法不存在！

[ 2016-11-16T23:57:13+08:00 ] ::1 /github/my_shop/index.php/Home/Index/gallery?keyword=
INFO: [ app_init ] --START--
INFO: Run Behavior\BuildLiteBehavior [ RunTime:0.000037s ]
INFO: [ app_init ] --END-- [ RunTime:0.000563s ]
INFO: [ app_begin ] --START--
INFO: Run Behavior\ReadHtmlCacheBehavior [ RunTime:0.000993s ]
INFO: [ app_begin ] --END-- [ RunTime:0.001294s ]
NOTIC: [8] Use of undefined constant GoodsCat - assumed 'GoodsCat' D:\wamp64\www\github\my_shop\Application\Home\Controller\IndexController.class.php 第 17 行.
SQL: SHOW COLUMNS FROM `x_goods_cat` [ RunTime:0.0006s ]
ERR: Think\Model:getInfiniteGoodsCat方法不存在！

[ 2016-11-16T23:57:14+08:00 ] ::1 /github/my_shop/index.php/Home/Index/gallery?keyword=
INFO: [ app_init ] --START--
INFO: Run Behavior\BuildLiteBehavior [ RunTime:0.000052s ]
INFO: [ app_init ] --END-- [ RunTime:0.000799s ]
INFO: [ app_begin ] --START--
INFO: Run Behavior\ReadHtmlCacheBehavior [ RunTime:0.000967s ]
INFO: [ app_begin ] --END-- [ RunTime:0.001212s ]
NOTIC: [8] Use of undefined constant GoodsCat - assumed 'GoodsCat' D:\wamp64\www\github\my_shop\Application\Home\Controller\IndexController.class.php 第 17 行.
SQL: SHOW COLUMNS FROM `x_goods_cat` [ RunTime:0.0010s ]
ERR: Think\Model:getInfiniteGoodsCat方法不存在！

[ 2016-11-16T23:57:14+08:00 ] ::1 /github/my_shop/index.php/Home/Index/gallery?keyword=
INFO: [ app_init ] --START--
INFO: Run Behavior\BuildLiteBehavior [ RunTime:0.000035s ]
INFO: [ app_init ] --END-- [ RunTime:0.000514s ]
INFO: [ app_begin ] --START--
INFO: Run Behavior\ReadHtmlCacheBehavior [ RunTime:0.000653s ]
INFO: [ app_begin ] --END-- [ RunTime:0.000811s ]
NOTIC: [8] Use of undefined constant GoodsCat - assumed 'GoodsCat' D:\wamp64\www\github\my_shop\Application\Home\Controller\IndexController.class.php 第 17 行.
SQL: SHOW COLUMNS FROM `x_goods_cat` [ RunTime:0.0007s ]
ERR: Think\Model:getInfiniteGoodsCat方法不存在！

