[ 2016-11-03T08:58:10+08:00 ] ::1 /github/www/shop/admin/
INFO: [ app_init ] --START--
INFO: Run Behavior\BuildLiteBehavior [ RunTime:0.000026s ]
INFO: [ app_init ] --END-- [ RunTime:0.000460s ]
INFO: [ app_begin ] --START--
INFO: Run Behavior\ReadHtmlCacheBehavior [ RunTime:0.000790s ]
INFO: [ app_begin ] --END-- [ RunTime:0.000913s ]
NOTIC: [8] Use of undefined constant goodsCat - assumed 'goodsCat' D:\wamp64\www\github\www\shop\Application\Admin\Controller\IndexController.class.php 第 6 行.
ERR: SQLSTATE[HY000] [1045] Access denied for user 'root'@'localhost' (using password: YES)

[ 2016-11-03T08:58:26+08:00 ] ::1 /github/www/shop/admin/
INFO: [ app_init ] --START--
INFO: Run Behavior\BuildLiteBehavior [ RunTime:0.000021s ]
INFO: [ app_init ] --END-- [ RunTime:0.000392s ]
INFO: [ app_begin ] --START--
INFO: Run Behavior\ReadHtmlCacheBehavior [ RunTime:0.000490s ]
INFO: [ app_begin ] --END-- [ RunTime:0.000605s ]
NOTIC: [8] Use of undefined constant goodsCat - assumed 'goodsCat' D:\wamp64\www\github\www\shop\Application\Admin\Controller\IndexController.class.php 第 6 行.
SQL: SHOW COLUMNS FROM `x_goods_cat` [ RunTime:0.0006s ]
SQL: SELECT * FROM `x_goods_cat`  [ RunTime:0.0001s ]
INFO: [ view_parse ] --START--
INFO: [ template_filter ] --START--
INFO: Run Behavior\ContentReplaceBehavior [ RunTime:0.000071s ]
INFO: [ template_filter ] --END-- [ RunTime:0.000184s ]
INFO: Run Behavior\ParseTemplateBehavior [ RunTime:0.096312s ]
INFO: [ view_parse ] --END-- [ RunTime:0.096429s ]
INFO: [ view_filter ] --START--
INFO: Run Behavior\WriteHtmlCacheBehavior [ RunTime:0.000349s ]
INFO: [ view_filter ] --END-- [ RunTime:0.000444s ]
INFO: [ app_end ] --START--
INFO: Run Behavior\ShowPageTraceBehavior [ RunTime:0.000684s ]
INFO: [ app_end ] --END-- [ RunTime:0.000818s ]

[ 2016-11-03T08:58:31+08:00 ] ::1 /github/www/shop/index.php/Admin/Index/createGoodsCat
INFO: [ app_init ] --START--
INFO: Run Behavior\BuildLiteBehavior [ RunTime:0.000025s ]
INFO: [ app_init ] --END-- [ RunTime:0.000428s ]
INFO: [ app_begin ] --START--
INFO: Run Behavior\ReadHtmlCacheBehavior [ RunTime:0.000574s ]
INFO: [ app_begin ] --END-- [ RunTime:0.000707s ]
NOTIC: [8] Use of undefined constant goodsCat - assumed 'goodsCat' D:\wamp64\www\github\www\shop\Application\Admin\Controller\IndexController.class.php 第 16 行.
SQL: SHOW COLUMNS FROM `x_goods_cat` [ RunTime:0.0007s ]
SQL: SELECT * FROM `x_goods_cat`  [ RunTime:0.0002s ]
INFO: [ view_parse ] --START--
INFO: [ template_filter ] --START--
INFO: Run Behavior\ContentReplaceBehavior [ RunTime:0.000093s ]
INFO: [ template_filter ] --END-- [ RunTime:0.000234s ]
INFO: Run Behavior\ParseTemplateBehavior [ RunTime:0.031108s ]
INFO: [ view_parse ] --END-- [ RunTime:0.031222s ]
INFO: [ view_filter ] --START--
INFO: Run Behavior\WriteHtmlCacheBehavior [ RunTime:0.000356s ]
INFO: [ view_filter ] --END-- [ RunTime:0.000463s ]
INFO: [ app_end ] --START--
INFO: Run Behavior\ShowPageTraceBehavior [ RunTime:0.000449s ]
INFO: [ app_end ] --END-- [ RunTime:0.000546s ]

[ 2016-11-03T08:58:46+08:00 ] ::1 /github/www/shop/index.php/Admin/Index/addGoodsCat
INFO: [ app_init ] --START--
INFO: Run Behavior\BuildLiteBehavior [ RunTime:0.000021s ]
INFO: [ app_init ] --END-- [ RunTime:0.000457s ]
INFO: [ app_begin ] --START--
INFO: Run Behavior\ReadHtmlCacheBehavior [ RunTime:0.000783s ]
INFO: [ app_begin ] --END-- [ RunTime:0.000895s ]

[ 2016-11-03T08:59:06+08:00 ] ::1 /github/www/shop/index.php/Admin/Index/createGoodsCat
INFO: [ app_init ] --START--
INFO: Run Behavior\BuildLiteBehavior [ RunTime:0.000023s ]
INFO: [ app_init ] --END-- [ RunTime:0.000464s ]
INFO: [ app_begin ] --START--
INFO: Run Behavior\ReadHtmlCacheBehavior [ RunTime:0.000772s ]
INFO: [ app_begin ] --END-- [ RunTime:0.000883s ]
NOTIC: [8] Use of undefined constant goodsCat - assumed 'goodsCat' D:\wamp64\www\github\www\shop\Application\Admin\Controller\IndexController.class.php 第 16 行.
SQL: SHOW COLUMNS FROM `x_goods_cat` [ RunTime:0.0008s ]
SQL: SELECT * FROM `x_goods_cat`  [ RunTime:0.0001s ]
INFO: [ view_parse ] --START--
INFO: [ template_filter ] --START--
INFO: Run Behavior\ContentReplaceBehavior [ RunTime:0.000061s ]
INFO: [ template_filter ] --END-- [ RunTime:0.000166s ]
INFO: Run Behavior\ParseTemplateBehavior [ RunTime:0.006968s ]
INFO: [ view_parse ] --END-- [ RunTime:0.007063s ]
INFO: [ view_filter ] --START--
INFO: Run Behavior\WriteHtmlCacheBehavior [ RunTime:0.000510s ]
INFO: [ view_filter ] --END-- [ RunTime:0.000595s ]
INFO: [ app_end ] --START--
INFO: Run Behavior\ShowPageTraceBehavior [ RunTime:0.001232s ]
INFO: [ app_end ] --END-- [ RunTime:0.001334s ]

[ 2016-11-03T08:59:12+08:00 ] ::1 /github/www/shop/index.php/Admin/Index/addGoodsCat
INFO: [ app_init ] --START--
INFO: Run Behavior\BuildLiteBehavior [ RunTime:0.000022s ]
INFO: [ app_init ] --END-- [ RunTime:0.000438s ]
INFO: [ app_begin ] --START--
INFO: Run Behavior\ReadHtmlCacheBehavior [ RunTime:0.000647s ]
INFO: [ app_begin ] --END-- [ RunTime:0.000758s ]
SQL: SHOW COLUMNS FROM `x_goods_cat` [ RunTime:0.0004s ]
SQL: INSERT INTO `x_goods_cat` (`goodscat_name`,`goodscat_sort`,`goodscat_createtime`) VALUES ('手机','1','1478134752') [ RunTime:0.0011s ]
INFO: [ view_parse ] --START--
INFO: [ template_filter ] --START--
INFO: Run Behavior\ContentReplaceBehavior [ RunTime:0.000058s ]
INFO: [ template_filter ] --END-- [ RunTime:0.000164s ]
INFO: Run Behavior\ParseTemplateBehavior [ RunTime:0.018319s ]
INFO: [ view_parse ] --END-- [ RunTime:0.018426s ]
INFO: [ view_filter ] --START--
INFO: Run Behavior\WriteHtmlCacheBehavior [ RunTime:0.000525s ]
INFO: [ view_filter ] --END-- [ RunTime:0.000606s ]
INFO: [ app_end ] --START--
INFO: Run Behavior\ShowPageTraceBehavior [ RunTime:0.000620s ]
INFO: [ app_end ] --END-- [ RunTime:0.000714s ]

[ 2016-11-03T08:59:13+08:00 ] ::1 /github/www/shop/index.php/Admin/Index/createGoodsCat
INFO: [ app_init ] --START--
INFO: Run Behavior\BuildLiteBehavior [ RunTime:0.000038s ]
INFO: [ app_init ] --END-- [ RunTime:0.000719s ]
INFO: [ app_begin ] --START--
INFO: Run Behavior\ReadHtmlCacheBehavior [ RunTime:0.001091s ]
INFO: [ app_begin ] --END-- [ RunTime:0.001269s ]
NOTIC: [8] Use of undefined constant goodsCat - assumed 'goodsCat' D:\wamp64\www\github\www\shop\Application\Admin\Controller\IndexController.class.php 第 16 行.
SQL: SHOW COLUMNS FROM `x_goods_cat` [ RunTime:0.0038s ]
SQL: SELECT * FROM `x_goods_cat`  [ RunTime:0.0003s ]
INFO: [ view_parse ] --START--
INFO: [ template_filter ] --START--
INFO: Run Behavior\ContentReplaceBehavior [ RunTime:0.000058s ]
INFO: [ template_filter ] --END-- [ RunTime:0.000170s ]
NOTIC: [8] Undefined index: goodscat_fid D:\wamp64\www\github\www\shop\Application\Runtime\Cache\Admin\08af5bf6dc2e2755a436bb1200fa8c36.php 第 39 行.
INFO: Run Behavior\ParseTemplateBehavior [ RunTime:0.007913s ]
INFO: [ view_parse ] --END-- [ RunTime:0.008032s ]
INFO: [ view_filter ] --START--
INFO: Run Behavior\WriteHtmlCacheBehavior [ RunTime:0.000480s ]
INFO: [ view_filter ] --END-- [ RunTime:0.000563s ]
INFO: [ app_end ] --START--
INFO: Run Behavior\ShowPageTraceBehavior [ RunTime:0.000661s ]
INFO: [ app_end ] --END-- [ RunTime:0.000753s ]

[ 2016-11-03T08:59:17+08:00 ] ::1 /github/www/shop/admin/
INFO: [ app_init ] --START--
INFO: Run Behavior\BuildLiteBehavior [ RunTime:0.000026s ]
INFO: [ app_init ] --END-- [ RunTime:0.000443s ]
INFO: [ app_begin ] --START--
INFO: Run Behavior\ReadHtmlCacheBehavior [ RunTime:0.000662s ]
INFO: [ app_begin ] --END-- [ RunTime:0.000771s ]
NOTIC: [8] Use of undefined constant goodsCat - assumed 'goodsCat' D:\wamp64\www\github\www\shop\Application\Admin\Controller\IndexController.class.php 第 6 行.
SQL: SHOW COLUMNS FROM `x_goods_cat` [ RunTime:0.0007s ]
SQL: SELECT * FROM `x_goods_cat`  [ RunTime:0.0001s ]
INFO: [ view_parse ] --START--
INFO: [ template_filter ] --START--
INFO: Run Behavior\ContentReplaceBehavior [ RunTime:0.000104s ]
INFO: [ template_filter ] --END-- [ RunTime:0.000224s ]
INFO: Run Behavior\ParseTemplateBehavior [ RunTime:0.006907s ]
INFO: [ view_parse ] --END-- [ RunTime:0.007000s ]
INFO: [ view_filter ] --START--
INFO: Run Behavior\WriteHtmlCacheBehavior [ RunTime:0.000472s ]
INFO: [ view_filter ] --END-- [ RunTime:0.000558s ]
INFO: [ app_end ] --START--
INFO: Run Behavior\ShowPageTraceBehavior [ RunTime:0.000574s ]
INFO: [ app_end ] --END-- [ RunTime:0.000678s ]

[ 2016-11-03T08:59:53+08:00 ] ::1 /github/www/shop/admin/
INFO: [ app_init ] --START--
INFO: Run Behavior\BuildLiteBehavior [ RunTime:0.000022s ]
INFO: [ app_init ] --END-- [ RunTime:0.000370s ]
INFO: [ app_begin ] --START--
INFO: Run Behavior\ReadHtmlCacheBehavior [ RunTime:0.000446s ]
INFO: [ app_begin ] --END-- [ RunTime:0.000554s ]
NOTIC: [8] Use of undefined constant goodsCat - assumed 'goodsCat' D:\wamp64\www\github\www\shop\Application\Admin\Controller\IndexController.class.php 第 6 行.
SQL: SHOW COLUMNS FROM `x_goods_cat` [ RunTime:0.0005s ]
SQL: SELECT * FROM `x_goods_cat`  [ RunTime:0.0002s ]
INFO: [ view_parse ] --START--
INFO: [ template_filter ] --START--
INFO: Run Behavior\ContentReplaceBehavior [ RunTime:0.000077s ]
INFO: [ template_filter ] --END-- [ RunTime:0.000187s ]
INFO: Run Behavior\ParseTemplateBehavior [ RunTime:0.006938s ]
INFO: [ view_parse ] --END-- [ RunTime:0.007044s ]
INFO: [ view_filter ] --START--
INFO: Run Behavior\WriteHtmlCacheBehavior [ RunTime:0.000300s ]
INFO: [ view_filter ] --END-- [ RunTime:0.000393s ]
INFO: [ app_end ] --START--
INFO: Run Behavior\ShowPageTraceBehavior [ RunTime:0.000446s ]
INFO: [ app_end ] --END-- [ RunTime:0.000551s ]

[ 2016-11-03T09:13:40+08:00 ] ::1 /github/www/shop/admin/
INFO: [ app_init ] --START--
INFO: Run Behavior\BuildLiteBehavior [ RunTime:0.000042s ]
INFO: [ app_init ] --END-- [ RunTime:0.000453s ]
INFO: [ app_begin ] --START--
INFO: Run Behavior\ReadHtmlCacheBehavior [ RunTime:0.000437s ]
INFO: [ app_begin ] --END-- [ RunTime:0.000537s ]
NOTIC: [8] Use of undefined constant goodsCat - assumed 'goodsCat' D:\wamp64\www\github\www\shop\Application\Admin\Controller\IndexController.class.php 第 6 行.
SQL: SHOW COLUMNS FROM `x_goods_cat` [ RunTime:0.0008s ]
SQL: SELECT * FROM `x_goods_cat`  [ RunTime:0.0002s ]
INFO: [ view_parse ] --START--
INFO: [ template_filter ] --START--
INFO: Run Behavior\ContentReplaceBehavior [ RunTime:0.000080s ]
INFO: [ template_filter ] --END-- [ RunTime:0.000192s ]
INFO: Run Behavior\ParseTemplateBehavior [ RunTime:0.100562s ]
INFO: [ view_parse ] --END-- [ RunTime:0.100661s ]
INFO: [ view_filter ] --START--
INFO: Run Behavior\WriteHtmlCacheBehavior [ RunTime:0.000293s ]
INFO: [ view_filter ] --END-- [ RunTime:0.000383s ]
INFO: [ app_end ] --START--
INFO: Run Behavior\ShowPageTraceBehavior [ RunTime:0.000436s ]
INFO: [ app_end ] --END-- [ RunTime:0.000537s ]

[ 2016-11-03T09:13:42+08:00 ] ::1 /github/www/shop/index.php/Admin/Index/createGoodsCat
INFO: [ app_init ] --START--
INFO: Run Behavior\BuildLiteBehavior [ RunTime:0.000025s ]
INFO: [ app_init ] --END-- [ RunTime:0.000456s ]
INFO: [ app_begin ] --START--
INFO: Run Behavior\ReadHtmlCacheBehavior [ RunTime:0.000642s ]
INFO: [ app_begin ] --END-- [ RunTime:0.000789s ]
NOTIC: [8] Use of undefined constant goodsCat - assumed 'goodsCat' D:\wamp64\www\github\www\shop\Application\Admin\Controller\IndexController.class.php 第 16 行.
SQL: SHOW COLUMNS FROM `x_goods_cat` [ RunTime:0.0044s ]
SQL: SELECT * FROM `x_goods_cat`  [ RunTime:0.0005s ]
INFO: [ view_parse ] --START--
INFO: [ template_filter ] --START--
INFO: Run Behavior\ContentReplaceBehavior [ RunTime:0.000066s ]
INFO: [ template_filter ] --END-- [ RunTime:0.000198s ]
NOTIC: [8] Undefined index: goodscat_fid D:\wamp64\www\github\www\shop\Application\Runtime\Cache\Admin\08af5bf6dc2e2755a436bb1200fa8c36.php 第 39 行.
INFO: Run Behavior\ParseTemplateBehavior [ RunTime:0.009121s ]
INFO: [ view_parse ] --END-- [ RunTime:0.009269s ]
INFO: [ view_filter ] --START--
INFO: Run Behavior\WriteHtmlCacheBehavior [ RunTime:0.000293s ]
INFO: [ view_filter ] --END-- [ RunTime:0.000381s ]
INFO: [ app_end ] --START--
INFO: Run Behavior\ShowPageTraceBehavior [ RunTime:0.000444s ]
INFO: [ app_end ] --END-- [ RunTime:0.000542s ]

[ 2016-11-03T09:13:53+08:00 ] ::1 /github/www/shop/index.php/Admin/Index/addGoodsCat
INFO: [ app_init ] --START--
INFO: Run Behavior\BuildLiteBehavior [ RunTime:0.000021s ]
INFO: [ app_init ] --END-- [ RunTime:0.000376s ]
INFO: [ app_begin ] --START--
INFO: Run Behavior\ReadHtmlCacheBehavior [ RunTime:0.000543s ]
INFO: [ app_begin ] --END-- [ RunTime:0.000647s ]
SQL: SHOW COLUMNS FROM `x_goods_cat` [ RunTime:0.0007s ]
SQL: INSERT INTO `x_goods_cat` (`goodscat_name`,`goodscat_sort`,`goodscat_createtime`) VALUES ('电脑','2','1478135633') [ RunTime:0.0002s ]
INFO: [ view_parse ] --START--
INFO: [ template_filter ] --START--
INFO: Run Behavior\ContentReplaceBehavior [ RunTime:0.000072s ]
INFO: [ template_filter ] --END-- [ RunTime:0.000189s ]
INFO: Run Behavior\ParseTemplateBehavior [ RunTime:0.005872s ]
INFO: [ view_parse ] --END-- [ RunTime:0.005975s ]
INFO: [ view_filter ] --START--
INFO: Run Behavior\WriteHtmlCacheBehavior [ RunTime:0.000354s ]
INFO: [ view_filter ] --END-- [ RunTime:0.000446s ]
INFO: [ app_end ] --START--
INFO: Run Behavior\ShowPageTraceBehavior [ RunTime:0.000444s ]
INFO: [ app_end ] --END-- [ RunTime:0.000539s ]

[ 2016-11-03T09:13:54+08:00 ] ::1 /github/www/shop/index.php/Admin/Index/createGoodsCat
INFO: [ app_init ] --START--
INFO: Run Behavior\BuildLiteBehavior [ RunTime:0.000035s ]
INFO: [ app_init ] --END-- [ RunTime:0.000620s ]
INFO: [ app_begin ] --START--
INFO: Run Behavior\ReadHtmlCacheBehavior [ RunTime:0.000718s ]
INFO: [ app_begin ] --END-- [ RunTime:0.000896s ]
NOTIC: [8] Use of undefined constant goodsCat - assumed 'goodsCat' D:\wamp64\www\github\www\shop\Application\Admin\Controller\IndexController.class.php 第 16 行.
SQL: SHOW COLUMNS FROM `x_goods_cat` [ RunTime:0.0039s ]
SQL: SELECT * FROM `x_goods_cat`  [ RunTime:0.0003s ]
INFO: [ view_parse ] --START--
INFO: [ template_filter ] --START--
INFO: Run Behavior\ContentReplaceBehavior [ RunTime:0.000073s ]
INFO: [ template_filter ] --END-- [ RunTime:0.000215s ]
NOTIC: [8] Undefined index: goodscat_fid D:\wamp64\www\github\www\shop\Application\Runtime\Cache\Admin\08af5bf6dc2e2755a436bb1200fa8c36.php 第 39 行.
NOTIC: [8] Undefined index: goodscat_fid D:\wamp64\www\github\www\shop\Application\Runtime\Cache\Admin\08af5bf6dc2e2755a436bb1200fa8c36.php 第 39 行.
INFO: Run Behavior\ParseTemplateBehavior [ RunTime:0.011255s ]
INFO: [ view_parse ] --END-- [ RunTime:0.011431s ]
INFO: [ view_filter ] --START--
INFO: Run Behavior\WriteHtmlCacheBehavior [ RunTime:0.000539s ]
INFO: [ view_filter ] --END-- [ RunTime:0.000676s ]
INFO: [ app_end ] --START--
INFO: Run Behavior\ShowPageTraceBehavior [ RunTime:0.000730s ]
INFO: [ app_end ] --END-- [ RunTime:0.000858s ]

[ 2016-11-03T09:13:57+08:00 ] ::1 /github/www/shop/admin/
INFO: [ app_init ] --START--
INFO: Run Behavior\BuildLiteBehavior [ RunTime:0.000020s ]
INFO: [ app_init ] --END-- [ RunTime:0.000345s ]
INFO: [ app_begin ] --START--
INFO: Run Behavior\ReadHtmlCacheBehavior [ RunTime:0.000414s ]
INFO: [ app_begin ] --END-- [ RunTime:0.000510s ]
NOTIC: [8] Use of undefined constant goodsCat - assumed 'goodsCat' D:\wamp64\www\github\www\shop\Application\Admin\Controller\IndexController.class.php 第 6 行.
SQL: SHOW COLUMNS FROM `x_goods_cat` [ RunTime:0.0007s ]
SQL: SELECT * FROM `x_goods_cat`  [ RunTime:0.0002s ]
INFO: [ view_parse ] --START--
INFO: [ template_filter ] --START--
INFO: Run Behavior\ContentReplaceBehavior [ RunTime:0.000098s ]
INFO: [ template_filter ] --END-- [ RunTime:0.000238s ]
INFO: Run Behavior\ParseTemplateBehavior [ RunTime:0.007705s ]
INFO: [ view_parse ] --END-- [ RunTime:0.007827s ]
INFO: [ view_filter ] --START--
INFO: Run Behavior\WriteHtmlCacheBehavior [ RunTime:0.000429s ]
INFO: [ view_filter ] --END-- [ RunTime:0.000551s ]
INFO: [ app_end ] --START--
INFO: Run Behavior\ShowPageTraceBehavior [ RunTime:0.000489s ]
INFO: [ app_end ] --END-- [ RunTime:0.000603s ]

[ 2016-11-03T09:20:07+08:00 ] ::1 /github/www/shop/index.php/Admin/Index/createGoodsCat
INFO: [ app_init ] --START--
INFO: Run Behavior\BuildLiteBehavior [ RunTime:0.000029s ]
INFO: [ app_init ] --END-- [ RunTime:0.000451s ]
INFO: [ app_begin ] --START--
INFO: Run Behavior\ReadHtmlCacheBehavior [ RunTime:0.000491s ]
INFO: [ app_begin ] --END-- [ RunTime:0.000610s ]
NOTIC: [8] Use of undefined constant goodsCat - assumed 'goodsCat' D:\wamp64\www\github\www\shop\Application\Admin\Controller\IndexController.class.php 第 16 行.
SQL: SHOW COLUMNS FROM `x_goods_cat` [ RunTime:0.0007s ]
SQL: SELECT * FROM `x_goods_cat`  [ RunTime:0.0002s ]
INFO: [ view_parse ] --START--
INFO: [ template_filter ] --START--
INFO: Run Behavior\ContentReplaceBehavior [ RunTime:0.000081s ]
INFO: [ template_filter ] --END-- [ RunTime:0.000253s ]
NOTIC: [8] Undefined index: goodscat_fid D:\wamp64\www\github\www\shop\Application\Runtime\Cache\Admin\08af5bf6dc2e2755a436bb1200fa8c36.php 第 39 行.
NOTIC: [8] Undefined index: goodscat_fid D:\wamp64\www\github\www\shop\Application\Runtime\Cache\Admin\08af5bf6dc2e2755a436bb1200fa8c36.php 第 39 行.
INFO: Run Behavior\ParseTemplateBehavior [ RunTime:0.007078s ]
INFO: [ view_parse ] --END-- [ RunTime:0.007178s ]
INFO: [ view_filter ] --START--
INFO: Run Behavior\WriteHtmlCacheBehavior [ RunTime:0.000285s ]
INFO: [ view_filter ] --END-- [ RunTime:0.000370s ]
INFO: [ app_end ] --START--
INFO: Run Behavior\ShowPageTraceBehavior [ RunTime:0.000440s ]
INFO: [ app_end ] --END-- [ RunTime:0.000581s ]

[ 2016-11-03T09:20:20+08:00 ] ::1 /github/www/shop/index.php/Admin/Index/createGoodsCat
INFO: [ app_init ] --START--
INFO: Run Behavior\BuildLiteBehavior [ RunTime:0.000023s ]
INFO: [ app_init ] --END-- [ RunTime:0.000409s ]
INFO: [ app_begin ] --START--
INFO: Run Behavior\ReadHtmlCacheBehavior [ RunTime:0.000464s ]
INFO: [ app_begin ] --END-- [ RunTime:0.000579s ]
NOTIC: [8] Use of undefined constant goodsCat - assumed 'goodsCat' D:\wamp64\www\github\www\shop\Application\Admin\Controller\IndexController.class.php 第 16 行.
SQL: SHOW COLUMNS FROM `x_goods_cat` [ RunTime:0.0008s ]
SQL: SELECT * FROM `x_goods_cat`  [ RunTime:0.0002s ]
INFO: [ view_parse ] --START--
INFO: [ template_filter ] --START--
INFO: Run Behavior\ContentReplaceBehavior [ RunTime:0.000065s ]
INFO: [ template_filter ] --END-- [ RunTime:0.000165s ]
NOTIC: [8] Undefined index: goodscat_fid D:\wamp64\www\github\www\shop\Application\Runtime\Cache\Admin\08af5bf6dc2e2755a436bb1200fa8c36.php 第 39 行.
NOTIC: [8] Undefined index: goodscat_fid D:\wamp64\www\github\www\shop\Application\Runtime\Cache\Admin\08af5bf6dc2e2755a436bb1200fa8c36.php 第 39 行.
INFO: Run Behavior\ParseTemplateBehavior [ RunTime:0.006662s ]
INFO: [ view_parse ] --END-- [ RunTime:0.006766s ]
INFO: [ view_filter ] --START--
INFO: Run Behavior\WriteHtmlCacheBehavior [ RunTime:0.000271s ]
INFO: [ view_filter ] --END-- [ RunTime:0.000355s ]
INFO: [ app_end ] --START--
INFO: Run Behavior\ShowPageTraceBehavior [ RunTime:0.000417s ]
INFO: [ app_end ] --END-- [ RunTime:0.000533s ]

[ 2016-11-03T09:51:39+08:00 ] ::1 /github/www/shop/admin/
INFO: [ app_init ] --START--
INFO: Run Behavior\BuildLiteBehavior [ RunTime:0.000022s ]
INFO: [ app_init ] --END-- [ RunTime:0.000388s ]
INFO: [ app_begin ] --START--
INFO: Run Behavior\ReadHtmlCacheBehavior [ RunTime:0.000449s ]
INFO: [ app_begin ] --END-- [ RunTime:0.000558s ]
NOTIC: [8] Use of undefined constant goodsCat - assumed 'goodsCat' D:\wamp64\www\github\www\shop\Application\Admin\Controller\IndexController.class.php 第 6 行.
SQL: SHOW COLUMNS FROM `x_goods_cat` [ RunTime:0.0008s ]
SQL: SELECT * FROM `x_goods_cat`  [ RunTime:0.0002s ]
INFO: [ view_parse ] --START--
INFO: [ template_filter ] --START--
INFO: Run Behavior\ContentReplaceBehavior [ RunTime:0.000076s ]
INFO: [ template_filter ] --END-- [ RunTime:0.000184s ]
INFO: Run Behavior\ParseTemplateBehavior [ RunTime:0.032665s ]
INFO: [ view_parse ] --END-- [ RunTime:0.032776s ]
INFO: [ view_filter ] --START--
INFO: Run Behavior\WriteHtmlCacheBehavior [ RunTime:0.000289s ]
INFO: [ view_filter ] --END-- [ RunTime:0.000375s ]
INFO: [ app_end ] --START--
INFO: Run Behavior\ShowPageTraceBehavior [ RunTime:0.000491s ]
INFO: [ app_end ] --END-- [ RunTime:0.000588s ]

[ 2016-11-03T09:52:15+08:00 ] ::1 /github/www/shop/index.php/Admin/Index/createGoodsCat
INFO: [ app_init ] --START--
INFO: Run Behavior\BuildLiteBehavior [ RunTime:0.000024s ]
INFO: [ app_init ] --END-- [ RunTime:0.000421s ]
INFO: [ app_begin ] --START--
INFO: Run Behavior\ReadHtmlCacheBehavior [ RunTime:0.000477s ]
INFO: [ app_begin ] --END-- [ RunTime:0.000592s ]
NOTIC: [8] Use of undefined constant goodsCat - assumed 'goodsCat' D:\wamp64\www\github\www\shop\Application\Admin\Controller\IndexController.class.php 第 16 行.
SQL: SHOW COLUMNS FROM `x_goods_cat` [ RunTime:0.0007s ]
SQL: SELECT * FROM `x_goods_cat`  [ RunTime:0.0002s ]
INFO: [ view_parse ] --START--
INFO: [ template_filter ] --START--
INFO: Run Behavior\ContentReplaceBehavior [ RunTime:0.000072s ]
INFO: [ template_filter ] --END-- [ RunTime:0.000182s ]
NOTIC: [8] Undefined index: goodscat_fid D:\wamp64\www\github\www\shop\Application\Runtime\Cache\Admin\08af5bf6dc2e2755a436bb1200fa8c36.php 第 39 行.
NOTIC: [8] Undefined index: goodscat_fid D:\wamp64\www\github\www\shop\Application\Runtime\Cache\Admin\08af5bf6dc2e2755a436bb1200fa8c36.php 第 39 行.
INFO: Run Behavior\ParseTemplateBehavior [ RunTime:0.023853s ]
INFO: [ view_parse ] --END-- [ RunTime:0.023952s ]
INFO: [ view_filter ] --START--
INFO: Run Behavior\WriteHtmlCacheBehavior [ RunTime:0.000307s ]
INFO: [ view_filter ] --END-- [ RunTime:0.000391s ]
INFO: [ app_end ] --START--
INFO: Run Behavior\ShowPageTraceBehavior [ RunTime:0.000424s ]
INFO: [ app_end ] --END-- [ RunTime:0.000519s ]

[ 2016-11-03T09:52:20+08:00 ] ::1 /github/www/shop/admin/
INFO: [ app_init ] --START--
INFO: Run Behavior\BuildLiteBehavior [ RunTime:0.000021s ]
INFO: [ app_init ] --END-- [ RunTime:0.000445s ]
INFO: [ app_begin ] --START--
INFO: Run Behavior\ReadHtmlCacheBehavior [ RunTime:0.000447s ]
INFO: [ app_begin ] --END-- [ RunTime:0.000555s ]
NOTIC: [8] Use of undefined constant goodsCat - assumed 'goodsCat' D:\wamp64\www\github\www\shop\Application\Admin\Controller\IndexController.class.php 第 6 行.
SQL: SHOW COLUMNS FROM `x_goods_cat` [ RunTime:0.0006s ]
SQL: SELECT * FROM `x_goods_cat`  [ RunTime:0.0002s ]
INFO: [ view_parse ] --START--
INFO: [ template_filter ] --START--
INFO: Run Behavior\ContentReplaceBehavior [ RunTime:0.000071s ]
INFO: [ template_filter ] --END-- [ RunTime:0.000168s ]
INFO: Run Behavior\ParseTemplateBehavior [ RunTime:0.031088s ]
INFO: [ view_parse ] --END-- [ RunTime:0.031203s ]
INFO: [ view_filter ] --START--
INFO: Run Behavior\WriteHtmlCacheBehavior [ RunTime:0.000279s ]
INFO: [ view_filter ] --END-- [ RunTime:0.000363s ]
INFO: [ app_end ] --START--
INFO: Run Behavior\ShowPageTraceBehavior [ RunTime:0.000462s ]
INFO: [ app_end ] --END-- [ RunTime:0.000592s ]

[ 2016-11-03T09:52:21+08:00 ] ::1 /github/www/shop/index.php/Admin/Index/createGoodsCat
INFO: [ app_init ] --START--
INFO: Run Behavior\BuildLiteBehavior [ RunTime:0.000026s ]
INFO: [ app_init ] --END-- [ RunTime:0.000465s ]
INFO: [ app_begin ] --START--
INFO: Run Behavior\ReadHtmlCacheBehavior [ RunTime:0.000583s ]
INFO: [ app_begin ] --END-- [ RunTime:0.000705s ]
NOTIC: [8] Use of undefined constant goodsCat - assumed 'goodsCat' D:\wamp64\www\github\www\shop\Application\Admin\Controller\IndexController.class.php 第 16 行.
SQL: SHOW COLUMNS FROM `x_goods_cat` [ RunTime:0.0008s ]
SQL: SELECT * FROM `x_goods_cat`  [ RunTime:0.0004s ]
INFO: [ view_parse ] --START--
INFO: [ template_filter ] --START--
INFO: Run Behavior\ContentReplaceBehavior [ RunTime:0.000093s ]
INFO: [ template_filter ] --END-- [ RunTime:0.000244s ]
NOTIC: [8] Undefined index: goodscat_fid D:\wamp64\www\github\www\shop\Application\Runtime\Cache\Admin\08af5bf6dc2e2755a436bb1200fa8c36.php 第 39 行.
NOTIC: [8] Undefined index: goodscat_fid D:\wamp64\www\github\www\shop\Application\Runtime\Cache\Admin\08af5bf6dc2e2755a436bb1200fa8c36.php 第 39 行.
INFO: Run Behavior\ParseTemplateBehavior [ RunTime:0.008336s ]
INFO: [ view_parse ] --END-- [ RunTime:0.008454s ]
INFO: [ view_filter ] --START--
INFO: Run Behavior\WriteHtmlCacheBehavior [ RunTime:0.000319s ]
INFO: [ view_filter ] --END-- [ RunTime:0.000402s ]
INFO: [ app_end ] --START--
INFO: Run Behavior\ShowPageTraceBehavior [ RunTime:0.000434s ]
INFO: [ app_end ] --END-- [ RunTime:0.000527s ]

[ 2016-11-03T09:52:34+08:00 ] ::1 /github/www/shop/index.php/Admin/Index/createGoodsCat
INFO: [ app_init ] --START--
INFO: Run Behavior\BuildLiteBehavior [ RunTime:0.000027s ]
INFO: [ app_init ] --END-- [ RunTime:0.000458s ]
INFO: [ app_begin ] --START--
INFO: Run Behavior\ReadHtmlCacheBehavior [ RunTime:0.000527s ]
INFO: [ app_begin ] --END-- [ RunTime:0.000652s ]
NOTIC: [8] Use of undefined constant goodsCat - assumed 'goodsCat' D:\wamp64\www\github\www\shop\Application\Admin\Controller\IndexController.class.php 第 16 行.
SQL: SHOW COLUMNS FROM `x_goods_cat` [ RunTime:0.0007s ]
SQL: SELECT * FROM `x_goods_cat`  [ RunTime:0.0003s ]
INFO: [ view_parse ] --START--
INFO: [ template_filter ] --START--
INFO: Run Behavior\ContentReplaceBehavior [ RunTime:0.000071s ]
INFO: [ template_filter ] --END-- [ RunTime:0.000195s ]
NOTIC: [8] Undefined index: goodscat_fid D:\wamp64\www\github\www\shop\Application\Runtime\Cache\Admin\08af5bf6dc2e2755a436bb1200fa8c36.php 第 39 行.
NOTIC: [8] Undefined index: goodscat_fid D:\wamp64\www\github\www\shop\Application\Runtime\Cache\Admin\08af5bf6dc2e2755a436bb1200fa8c36.php 第 39 行.
INFO: Run Behavior\ParseTemplateBehavior [ RunTime:0.006942s ]
INFO: [ view_parse ] --END-- [ RunTime:0.007050s ]
INFO: [ view_filter ] --START--
INFO: Run Behavior\WriteHtmlCacheBehavior [ RunTime:0.000316s ]
INFO: [ view_filter ] --END-- [ RunTime:0.000416s ]
INFO: [ app_end ] --START--
INFO: Run Behavior\ShowPageTraceBehavior [ RunTime:0.000474s ]
INFO: [ app_end ] --END-- [ RunTime:0.000581s ]

[ 2016-11-03T09:52:36+08:00 ] ::1 /github/www/shop/admin/
INFO: [ app_init ] --START--
INFO: Run Behavior\BuildLiteBehavior [ RunTime:0.000027s ]
INFO: [ app_init ] --END-- [ RunTime:0.000469s ]
INFO: [ app_begin ] --START--
INFO: Run Behavior\ReadHtmlCacheBehavior [ RunTime:0.000476s ]
INFO: [ app_begin ] --END-- [ RunTime:0.000599s ]
NOTIC: [8] Use of undefined constant goodsCat - assumed 'goodsCat' D:\wamp64\www\github\www\shop\Application\Admin\Controller\IndexController.class.php 第 6 行.
SQL: SHOW COLUMNS FROM `x_goods_cat` [ RunTime:0.0005s ]
SQL: SELECT * FROM `x_goods_cat`  [ RunTime:0.0002s ]
INFO: [ view_parse ] --START--
INFO: [ template_filter ] --START--
INFO: Run Behavior\ContentReplaceBehavior [ RunTime:0.000072s ]
INFO: [ template_filter ] --END-- [ RunTime:0.000170s ]
INFO: Run Behavior\ParseTemplateBehavior [ RunTime:0.029682s ]
INFO: [ view_parse ] --END-- [ RunTime:0.029800s ]
INFO: [ view_filter ] --START--
INFO: Run Behavior\WriteHtmlCacheBehavior [ RunTime:0.000325s ]
INFO: [ view_filter ] --END-- [ RunTime:0.000422s ]
INFO: [ app_end ] --START--
INFO: Run Behavior\ShowPageTraceBehavior [ RunTime:0.000485s ]
INFO: [ app_end ] --END-- [ RunTime:0.000593s ]

[ 2016-11-03T09:52:37+08:00 ] ::1 /github/www/shop/index.php/Admin/Index/createGoodsCat
INFO: [ app_init ] --START--
INFO: Run Behavior\BuildLiteBehavior [ RunTime:0.000027s ]
INFO: [ app_init ] --END-- [ RunTime:0.000542s ]
INFO: [ app_begin ] --START--
INFO: Run Behavior\ReadHtmlCacheBehavior [ RunTime:0.000533s ]
INFO: [ app_begin ] --END-- [ RunTime:0.000652s ]
NOTIC: [8] Use of undefined constant goodsCat - assumed 'goodsCat' D:\wamp64\www\github\www\shop\Application\Admin\Controller\IndexController.class.php 第 16 行.
SQL: SHOW COLUMNS FROM `x_goods_cat` [ RunTime:0.0005s ]
SQL: SELECT * FROM `x_goods_cat`  [ RunTime:0.0002s ]
INFO: [ view_parse ] --START--
INFO: [ template_filter ] --START--
INFO: Run Behavior\ContentReplaceBehavior [ RunTime:0.000066s ]
INFO: [ template_filter ] --END-- [ RunTime:0.000174s ]
NOTIC: [8] Undefined index: goodscat_fid D:\wamp64\www\github\www\shop\Application\Runtime\Cache\Admin\08af5bf6dc2e2755a436bb1200fa8c36.php 第 39 行.
NOTIC: [8] Undefined index: goodscat_fid D:\wamp64\www\github\www\shop\Application\Runtime\Cache\Admin\08af5bf6dc2e2755a436bb1200fa8c36.php 第 39 行.
INFO: Run Behavior\ParseTemplateBehavior [ RunTime:0.007495s ]
INFO: [ view_parse ] --END-- [ RunTime:0.007640s ]
INFO: [ view_filter ] --START--
INFO: Run Behavior\WriteHtmlCacheBehavior [ RunTime:0.000306s ]
INFO: [ view_filter ] --END-- [ RunTime:0.000402s ]
INFO: [ app_end ] --START--
INFO: Run Behavior\ShowPageTraceBehavior [ RunTime:0.000505s ]
INFO: [ app_end ] --END-- [ RunTime:0.000610s ]

