[ 2016-09-06T14:26:06+08:00 ] 0.0.0.0 /moocphp/tp/index.php
INFO: [ app_begin ] --START--
INFO: ReadHtmlCache Behavior ::run [ RunTime:0.000413s ]
INFO: [ app_begin ] --END-- [ RunTime:0.001857s ]

[ 2016-09-06T14:26:14+08:00 ] 0.0.0.0 /moocphp/tp/index.php
INFO: [ app_begin ] --START--
INFO: ReadHtmlCache Behavior ::run [ RunTime:0.000793s ]
INFO: [ app_begin ] --END-- [ RunTime:0.001057s ]

[ 2016-09-06T14:26:48+08:00 ] 0.0.0.0 /moocphp/tp/index.php
INFO: [ app_begin ] --START--
INFO: ReadHtmlCache Behavior ::run [ RunTime:0.000385s ]
INFO: [ app_begin ] --END-- [ RunTime:0.000505s ]

[ 2016-09-06T14:36:39+08:00 ] 0.0.0.0 /moocphp/tp/index.php
INFO: [ app_begin ] --START--
INFO: ReadHtmlCache Behavior ::run [ RunTime:0.000489s ]
INFO: [ app_begin ] --END-- [ RunTime:0.000679s ]

[ 2016-09-06T14:38:08+08:00 ] 0.0.0.0 /moocphp/tp/index.php
INFO: [ app_begin ] --START--
INFO: ReadHtmlCache Behavior ::run [ RunTime:0.000372s ]
INFO: [ app_begin ] --END-- [ RunTime:0.000499s ]

[ 2016-09-06T14:38:16+08:00 ] 0.0.0.0 /moocphp/tp/index.php
INFO: [ app_begin ] --START--
INFO: ReadHtmlCache Behavior ::run [ RunTime:0.000356s ]
INFO: [ app_begin ] --END-- [ RunTime:0.000469s ]

[ 2016-09-06T14:43:35+08:00 ] 0.0.0.0 /moocphp/tp/index.php
INFO: [ app_begin ] --START--
INFO: ReadHtmlCache Behavior ::run [ RunTime:0.000398s ]
INFO: [ app_begin ] --END-- [ RunTime:0.000538s ]

[ 2016-09-06T14:43:40+08:00 ] 0.0.0.0 /moocphp/tp/index.php/Index/user/id/1.html
INFO: [ route_check ] --START--
INFO: CheckRoute Behavior ::run [ RunTime:0.000576s ]
INFO: [ route_check ] --END-- [ RunTime:0.000684s ]
NOTIC: [8192] preg_replace(): The /e modifier is deprecated, use preg_replace_callback instead /Users/bowuting/work/www/moocphp/tp/ThinkPHP/Lib/Core/Dispatcher.class.php 第 132 行.
INFO: [ app_begin ] --START--
INFO: ReadHtmlCache Behavior ::run [ RunTime:0.000667s ]
INFO: [ app_begin ] --END-- [ RunTime:0.000848s ]

[ 2016-09-06T14:45:48+08:00 ] 0.0.0.0 /moocphp/tp/index.php
INFO: [ app_begin ] --START--
INFO: Run ReadHtmlCache Behavior [ RunTime:0.001734s ]
INFO: [ app_begin ] --END-- [ RunTime:0.001875s ]

[ 2016-09-06T14:45:50+08:00 ] 0.0.0.0 /moocphp/tp/index.php/Index/user/id/1.html
INFO: [ route_check ] --START--
INFO: Run CheckRoute Behavior [ RunTime:0.000547s ]
INFO: [ route_check ] --END-- [ RunTime:0.000623s ]
NOTIC: [8192] preg_replace(): The /e modifier is deprecated, use preg_replace_callback instead /Users/bowuting/work/www/moocphp/tp/ThinkPHP/Lib/Core/Dispatcher.class.php 第 120 行.
INFO: [ app_begin ] --START--
INFO: Run ReadHtmlCache Behavior [ RunTime:0.000350s ]
INFO: [ app_begin ] --END-- [ RunTime:0.000399s ]

[ 2016-09-06T15:33:28+08:00 ] 0.0.0.0 /moocphp/tp/index.php
INFO: [ app_begin ] --START--
INFO: Run ReadHtmlCache Behavior [ RunTime:0.001597s ]
INFO: [ app_begin ] --END-- [ RunTime:0.001735s ]

[ 2016-09-06T15:33:33+08:00 ] 0.0.0.0 /moocphp/tp/index.php
INFO: [ app_begin ] --START--
INFO: Run ReadHtmlCache Behavior [ RunTime:0.000363s ]
INFO: [ app_begin ] --END-- [ RunTime:0.000484s ]

